0 info it worked if it ends with ok
1 verbose cli [ '/usr/local/Cellar/node/7.3.0/bin/node',
1 verbose cli   '/usr/local/bin/npm',
1 verbose cli   'run',
1 verbose cli   'build' ]
2 info using npm@3.10.10
3 info using node@v7.3.0
4 verbose run-script [ 'prebuild', 'build', 'postbuild' ]
5 info lifecycle le-theme@0.0.1~prebuild: le-theme@0.0.1
6 silly lifecycle le-theme@0.0.1~prebuild: no script for prebuild, continuing
7 info lifecycle le-theme@0.0.1~build: le-theme@0.0.1
8 verbose lifecycle le-theme@0.0.1~build: unsafe-perm in lifecycle true
9 verbose lifecycle le-theme@0.0.1~build: PATH: /usr/local/lib/node_modules/npm/bin/node-gyp-bin:/Users/hele/Code/le-theme/node_modules/.bin:/usr/local/Cellar/node/7.3.0/bin:/usr/local/bin:/usr/bin:/bin:/usr/sbin:/sbin:/Users/hele/Code/golang/bin:/usr/local/opt/go/libexec/bin
10 verbose lifecycle le-theme@0.0.1~build: CWD: /Users/hele/Code/le-theme
11 silly lifecycle le-theme@0.0.1~build: Args: [ '-c', 'rollup --config rollup.config.js' ]
12 silly lifecycle le-theme@0.0.1~build: Returned: code: 1  signal: null
13 info lifecycle le-theme@0.0.1~build: Failed to exec build script
14 verbose stack Error: le-theme@0.0.1 build: `rollup --config rollup.config.js`
14 verbose stack Exit status 1
14 verbose stack     at EventEmitter.<anonymous> (/usr/local/lib/node_modules/npm/lib/utils/lifecycle.js:255:16)
14 verbose stack     at emitTwo (events.js:106:13)
14 verbose stack     at EventEmitter.emit (events.js:191:7)
14 verbose stack     at ChildProcess.<anonymous> (/usr/local/lib/node_modules/npm/lib/utils/spawn.js:40:14)
14 verbose stack     at emitTwo (events.js:106:13)
14 verbose stack     at ChildProcess.emit (events.js:191:7)
14 verbose stack     at maybeClose (internal/child_process.js:885:16)
14 verbose stack     at Process.ChildProcess._handle.onexit (internal/child_process.js:226:5)
15 verbose pkgid le-theme@0.0.1
16 verbose cwd /Users/hele/Code/le-theme
17 error Darwin 16.3.0
18 error argv "/usr/local/Cellar/node/7.3.0/bin/node" "/usr/local/bin/npm" "run" "build"
19 error node v7.3.0
20 error npm  v3.10.10
21 error code ELIFECYCLE
22 error le-theme@0.0.1 build: `rollup --config rollup.config.js`
22 error Exit status 1
23 error Failed at the le-theme@0.0.1 build script 'rollup --config rollup.config.js'.
23 error Make sure you have the latest version of node.js and npm installed.
23 error If you do, this is most likely a problem with the le-theme package,
23 error not with npm itself.
23 error Tell the author that this fails on your system:
23 error     rollup --config rollup.config.js
23 error You can get information on how to open an issue for this project with:
23 error     npm bugs le-theme
23 error Or if that isn't available, you can get their info via:
23 error     npm owner ls le-theme
23 error There is likely additional logging output above.
24 verbose exit [ 1, true ]
